\BOOKMARK [0][-]{chapter*.1}{\376\377\000R\000e\000s\000u\000m\000e\000n}{}% 1
\BOOKMARK [0][-]{chapter*.2}{\376\377\000A\000b\000s\000t\000r\000a\000c\000t}{}% 2
\BOOKMARK [0][-]{chapter*.3}{\376\377\000C\000o\000n\000v\000e\000n\000c\000i\000o\000n\000e\000s\000\040\000d\000e\000l\000\040\000m\000a\000n\000u\000s\000c\000r\000i\000t\000o}{}% 3
\BOOKMARK [0][-]{chapter*.4}{\376\377\000A\000l\000c\000a\000n\000c\000e\000\040\000d\000e\000\040\000e\000s\000t\000a\000\040\000v\000e\000r\000s\000i\000o\000n}{}% 4
\BOOKMARK [0][-]{chapter*.5}{\376\377\000S\000i\000g\000l\000a\000s\000\040\000y\000\040\000a\000b\000r\000e\000v\000i\000a\000t\000u\000r\000a\000s}{}% 5
\BOOKMARK [0][-]{chapter.1}{\376\377\000I\000n\000t\000r\000o\000d\000u\000c\000c\000i\000o\000n\000,\000\040\000P\000r\000o\000b\000l\000e\000m\000a\000\040\000y\000\040\000D\000i\000s\000e\000n\000o\000\040\000d\000e\000\040\000l\000a\000\040\000I\000n\000v\000e\000s\000t\000i\000g\000a\000c\000i\000o\000n}{}% 6
\BOOKMARK [1][-]{section.1.1}{\376\377\0001\000.\0001\000\040\000C\000o\000n\000t\000e\000x\000t\000o\000\040\000e\000\040\000i\000n\000t\000r\000o\000d\000u\000c\000c\000i\000o\000n}{chapter.1}% 7
\BOOKMARK [1][-]{section.1.2}{\376\377\0001\000.\0002\000\040\000M\000o\000t\000i\000v\000a\000c\000i\000o\000n\000\040\000t\000e\000c\000n\000i\000c\000a\000\040\000y\000\040\000r\000e\000l\000e\000v\000a\000n\000c\000i\000a\000\040\000c\000i\000e\000n\000t\000i\000f\000i\000c\000a}{chapter.1}% 8
\BOOKMARK [1][-]{section.1.3}{\376\377\0001\000.\0003\000\040\000P\000l\000a\000n\000t\000e\000a\000m\000i\000e\000n\000t\000o\000\040\000f\000o\000r\000m\000a\000l\000\040\000d\000e\000l\000\040\000p\000r\000o\000b\000l\000e\000m\000a}{chapter.1}% 9
\BOOKMARK [1][-]{section.1.4}{\376\377\0001\000.\0004\000\040\000H\000i\000p\000o\000t\000e\000s\000i\000s\000\040\000d\000e\000\040\000i\000n\000v\000e\000s\000t\000i\000g\000a\000c\000i\000o\000n}{chapter.1}% 10
\BOOKMARK [1][-]{section.1.5}{\376\377\0001\000.\0005\000\040\000O\000b\000j\000e\000t\000i\000v\000o\000s\000\040\000g\000e\000n\000e\000r\000a\000l\000\040\000y\000\040\000e\000s\000p\000e\000c\000i\000f\000i\000c\000o\000s}{chapter.1}% 11
\BOOKMARK [1][-]{section.1.6}{\376\377\0001\000.\0006\000\040\000A\000l\000c\000a\000n\000c\000e\000\040\000d\000e\000c\000i\000s\000i\000o\000n\000a\000l\000\040\000f\000i\000j\000a\000d\000o\000\040\000\050\000r\000e\000s\000u\000l\000t\000a\000d\000o\000\040\000d\000e\000\040\000F\000a\000s\000e\000\040\0000\000\051}{chapter.1}% 12
\BOOKMARK [1][-]{section.1.7}{\376\377\0001\000.\0007\000\040\000M\000e\000t\000o\000d\000o\000l\000o\000g\000i\000a\000\040\000g\000e\000n\000e\000r\000a\000l\000\040\000y\000\040\000v\000a\000l\000i\000d\000a\000c\000i\000o\000n}{chapter.1}% 13
\BOOKMARK [1][-]{section.1.8}{\376\377\0001\000.\0008\000\040\000C\000o\000n\000t\000r\000i\000b\000u\000c\000i\000o\000n\000\040\000c\000i\000e\000n\000t\000i\000f\000i\000c\000a}{chapter.1}% 14
\BOOKMARK [1][-]{section.1.9}{\376\377\0001\000.\0009\000\040\000O\000r\000g\000a\000n\000i\000z\000a\000c\000i\000o\000n\000\040\000d\000e\000l\000\040\000d\000o\000c\000u\000m\000e\000n\000t\000o}{chapter.1}% 15
\BOOKMARK [0][-]{chapter.2}{\376\377\000M\000a\000r\000c\000o\000\040\000T\000e\000o\000r\000i\000c\000o\000\040\000y\000\040\000F\000u\000n\000d\000a\000m\000e\000n\000t\000a\000c\000i\000o\000n\000\040\000d\000e\000l\000\040\000P\000r\000o\000b\000l\000e\000m\000a}{}% 16
\BOOKMARK [1][-]{section.2.1}{\376\377\0002\000.\0001\000\040\000E\000n\000t\000r\000e\000n\000a\000m\000i\000e\000n\000t\000o\000\040\000d\000e\000\040\000r\000e\000d\000e\000s\000\040\000p\000r\000o\000f\000u\000n\000d\000a\000s\000\040\000y\000\040\000g\000r\000a\000f\000o\000s\000\040\000c\000o\000m\000p\000u\000t\000a\000c\000i\000o\000n\000a\000l\000e\000s}{chapter.2}% 17
\BOOKMARK [1][-]{section.2.2}{\376\377\0002\000.\0002\000\040\000A\000r\000q\000u\000i\000t\000e\000c\000t\000u\000r\000a\000s\000\040\000h\000e\000t\000e\000r\000o\000g\000e\000n\000e\000a\000s\000\040\000C\000P\000U\000-\000G\000P\000U\000\040\000y\000\040\000j\000e\000r\000a\000r\000q\000u\000i\000a\000s\000\040\000d\000e\000\040\000m\000e\000m\000o\000r\000i\000a}{chapter.2}% 18
\BOOKMARK [1][-]{section.2.3}{\376\377\0002\000.\0003\000\040\000T\000r\000a\000n\000s\000f\000e\000r\000e\000n\000c\000i\000a\000\040\000d\000e\000\040\000d\000a\000t\000o\000s\000,\000\040\000s\000o\000l\000a\000p\000a\000m\000i\000e\000n\000t\000o\000\040\000y\000\040\000c\000o\000m\000u\000n\000i\000c\000a\000c\000i\000o\000n}{chapter.2}% 19
\BOOKMARK [1][-]{section.2.4}{\376\377\0002\000.\0004\000\040\000P\000r\000e\000c\000i\000s\000i\000o\000n\000\040\000n\000u\000m\000e\000r\000i\000c\000a\000,\000\040\000e\000s\000t\000a\000b\000i\000l\000i\000d\000a\000d\000\040\000y\000\040\000c\000o\000s\000t\000o\000\040\000m\000a\000t\000e\000r\000i\000a\000l\000\040\000d\000e\000l\000\040\000e\000n\000t\000r\000e\000n\000a\000m\000i\000e\000n\000t\000o}{chapter.2}% 20
\BOOKMARK [1][-]{section.2.5}{\376\377\0002\000.\0005\000\040\000E\000s\000t\000r\000a\000t\000e\000g\000i\000a\000s\000\040\000d\000e\000\040\000g\000e\000s\000t\000i\000o\000n\000\040\000d\000e\000\040\000m\000e\000m\000o\000r\000i\000a}{chapter.2}% 21
\BOOKMARK [1][-]{section.2.6}{\376\377\0002\000.\0006\000\040\000P\000a\000r\000a\000d\000i\000g\000m\000a\000s\000\040\000c\000o\000n\000t\000e\000m\000p\000o\000r\000a\000n\000e\000o\000s\000\040\000d\000e\000\040\000p\000a\000r\000a\000l\000e\000l\000i\000z\000a\000c\000i\000o\000n\000\040\000y\000\040\000s\000u\000s\000\040\000l\000i\000m\000i\000t\000e\000s}{chapter.2}% 22
\BOOKMARK [1][-]{section.2.7}{\376\377\0002\000.\0007\000\040\000O\000p\000t\000i\000m\000i\000z\000a\000c\000i\000o\000n\000\040\000d\000e\000c\000l\000a\000r\000a\000t\000i\000v\000a\000:\000\040\000I\000L\000P\000\040\000e\000n\000\040\000s\000i\000s\000t\000e\000m\000a\000s\000\040\000c\000o\000m\000p\000u\000t\000a\000c\000i\000o\000n\000a\000l\000e\000s}{chapter.2}% 23
\BOOKMARK [1][-]{section.2.8}{\376\377\0002\000.\0008\000\040\000S\000i\000n\000t\000e\000s\000i\000s\000\040\000d\000e\000l\000\040\000m\000a\000r\000c\000o\000\040\000t\000e\000o\000r\000i\000c\000o\000\040\000y\000\040\000d\000e\000l\000i\000m\000i\000t\000a\000c\000i\000o\000n\000\040\000d\000e\000l\000\040\000v\000a\000c\000i\000o\000\040\000m\000e\000t\000o\000d\000o\000l\000o\000g\000i\000c\000o}{chapter.2}% 24
\BOOKMARK [1][-]{section.2.9}{\376\377\0002\000.\0009\000\040\000E\000s\000t\000a\000d\000o\000\040\000d\000e\000l\000\040\000a\000r\000t\000e\000\040\000c\000o\000m\000p\000a\000r\000a\000t\000i\000v\000o\000\040\000e\000n\000\040\000c\000l\000a\000v\000e\000\040\000p\000r\000o\000b\000l\000e\000m\000a\000t\000i\000c\000a}{chapter.2}% 25
\BOOKMARK [0][-]{chapter.3}{\376\377\000A\000r\000q\000u\000i\000t\000e\000c\000t\000u\000r\000a\000\040\000M\000e\000t\000o\000d\000o\000l\000o\000g\000i\000c\000a\000\040\000d\000e\000l\000\040\000S\000i\000s\000t\000e\000m\000a}{}% 26
\BOOKMARK [1][-]{section.3.1}{\376\377\0003\000.\0001\000\040\000V\000i\000s\000i\000o\000n\000\040\000g\000e\000n\000e\000r\000a\000l\000\040\000d\000e\000l\000\040\000p\000i\000p\000e\000l\000i\000n\000e\000\040\000e\000x\000p\000e\000r\000i\000m\000e\000n\000t\000a\000l}{chapter.3}% 27
\BOOKMARK [1][-]{section.3.2}{\376\377\0003\000.\0002\000\040\000E\000s\000t\000r\000u\000c\000t\000u\000r\000a\000\040\000m\000o\000d\000u\000l\000a\000r\000\040\000d\000e\000l\000\040\000s\000o\000f\000t\000w\000a\000r\000e}{chapter.3}% 28
\BOOKMARK [1][-]{section.3.3}{\376\377\0003\000.\0003\000\040\000C\000o\000n\000t\000r\000a\000t\000o\000\040\000d\000e\000\040\000a\000r\000t\000e\000f\000a\000c\000t\000o\000s\000\040\000y\000\040\000t\000r\000a\000z\000a\000b\000i\000l\000i\000d\000a\000d}{chapter.3}% 29
\BOOKMARK [1][-]{section.3.4}{\376\377\0003\000.\0004\000\040\000D\000e\000f\000i\000n\000i\000c\000i\000o\000n\000\040\000d\000e\000\040\000p\000l\000a\000n\000\040\000y\000\040\000s\000u\000\040\000r\000e\000p\000r\000e\000s\000e\000n\000t\000a\000c\000i\000o\000n}{chapter.3}% 30
\BOOKMARK [1][-]{section.3.5}{\376\377\0003\000.\0005\000\040\000C\000r\000i\000t\000e\000r\000i\000o\000s\000\040\000d\000e\000\040\000v\000a\000l\000i\000d\000e\000z\000\040\000y\000\040\000r\000i\000e\000s\000g\000o\000s\000\040\000m\000e\000t\000o\000d\000o\000l\000o\000g\000i\000c\000o\000s\000\040\000i\000n\000i\000c\000i\000a\000l\000e\000s}{chapter.3}% 31
\BOOKMARK [0][-]{chapter.4}{\376\377\000P\000r\000o\000f\000i\000l\000i\000n\000g\000\040\000E\000m\000p\000i\000r\000i\000c\000o\000\040\000p\000a\000r\000a\000\040\000P\000a\000r\000t\000i\000c\000i\000o\000n\000\040\000H\000e\000t\000e\000r\000o\000g\000e\000n\000e\000a\000\040\000C\000P\000U\000-\000G\000P\000U}{}% 32
\BOOKMARK [1][-]{section.4.1}{\376\377\0004\000.\0001\000\040\000M\000o\000t\000i\000v\000a\000c\000i\000o\000n\000\040\000e\000m\000p\000i\000r\000i\000c\000a\000\040\000y\000\040\000p\000r\000e\000g\000u\000n\000t\000a\000s\000\040\000d\000e\000\040\000m\000e\000d\000i\000c\000i\000o\000n}{chapter.4}% 33
\BOOKMARK [1][-]{section.4.2}{\376\377\0004\000.\0002\000\040\000A\000r\000q\000u\000i\000t\000e\000c\000t\000u\000r\000a\000\040\000d\000e\000\040\000i\000n\000s\000t\000r\000u\000m\000e\000n\000t\000a\000c\000i\000o\000n}{chapter.4}% 34
\BOOKMARK [1][-]{section.4.3}{\376\377\0004\000.\0003\000\040\000M\000o\000d\000e\000l\000o\000\040\000d\000e\000\040\000e\000n\000e\000r\000g\000i\000a\000\040\000y\000\040\000c\000a\000r\000g\000a\000\040\000c\000o\000m\000p\000u\000t\000a\000c\000i\000o\000n\000a\000l}{chapter.4}% 35
\BOOKMARK [1][-]{section.4.4}{\376\377\0004\000.\0004\000\040\000P\000o\000l\000i\000t\000i\000c\000a\000\040\000d\000e\000\040\000p\000r\000e\000c\000i\000s\000i\000o\000n\000\040\000y\000\040\000v\000a\000l\000i\000d\000e\000z}{chapter.4}% 36
\BOOKMARK [1][-]{section.4.5}{\376\377\0004\000.\0005\000\040\000E\000x\000t\000r\000a\000c\000c\000i\000o\000n\000\040\000e\000s\000t\000r\000u\000c\000t\000u\000r\000a\000l\000\040\000d\000e\000l\000\040\000g\000r\000a\000f\000o}{chapter.4}% 37
\BOOKMARK [1][-]{section.4.6}{\376\377\0004\000.\0006\000\040\000M\000o\000d\000e\000l\000o\000\040\000d\000e\000\040\000t\000r\000a\000n\000s\000f\000e\000r\000e\000n\000c\000i\000a\000\040\000c\000o\000n\000s\000c\000i\000e\000n\000t\000e\000\040\000d\000e\000\040\000a\000r\000i\000s\000t\000a}{chapter.4}% 38
\BOOKMARK [1][-]{section.4.7}{\376\377\0004\000.\0007\000\040\000A\000g\000r\000e\000g\000a\000c\000i\000o\000n\000\040\000e\000s\000t\000a\000d\000i\000s\000t\000i\000c\000a\000\040\000r\000o\000b\000u\000s\000t\000a}{chapter.4}% 39
\BOOKMARK [1][-]{section.4.8}{\376\377\0004\000.\0008\000\040\000V\000a\000l\000i\000d\000e\000z\000\040\000e\000x\000p\000e\000r\000i\000m\000e\000n\000t\000a\000l\000\040\000y\000\040\000r\000e\000p\000r\000o\000d\000u\000c\000i\000b\000i\000l\000i\000d\000a\000d}{chapter.4}% 40
\BOOKMARK [1][-]{section.4.9}{\376\377\0004\000.\0009\000\040\000D\000e\000l\000\040\000d\000a\000t\000o\000\040\000o\000b\000s\000e\000r\000v\000a\000d\000o\000\040\000a\000l\000\040\000c\000o\000e\000f\000i\000c\000i\000e\000n\000t\000e\000\040\000d\000e\000\040\000d\000e\000c\000i\000s\000i\000o\000n}{chapter.4}% 41
\BOOKMARK [0][-]{chapter.5}{\376\377\000F\000o\000r\000m\000u\000l\000a\000c\000i\000o\000n\000\040\000I\000L\000P\000\040\000R\000o\000b\000u\000s\000t\000a\000\040\000p\000a\000r\000a\000\040\000P\000a\000r\000t\000i\000c\000i\000o\000n\000\040\000H\000e\000t\000e\000r\000o\000g\000e\000n\000e\000a\000\040\000C\000P\000U\000-\000G\000P\000U}{}% 42
\BOOKMARK [1][-]{section.5.1}{\376\377\0005\000.\0001\000\040\000I\000n\000t\000r\000o\000d\000u\000c\000c\000i\000o\000n\000\040\000y\000\040\000a\000l\000c\000a\000n\000c\000e\000\040\000d\000e\000l\000\040\000m\000o\000d\000e\000l\000o\000\040\000\050\000c\000o\000n\000g\000e\000l\000a\000d\000o\000\040\000e\000n\000\040\000F\000a\000s\000e\000\040\0000\000\051}{chapter.5}% 43
\BOOKMARK [1][-]{section.5.2}{\376\377\0005\000.\0002\000\040\000N\000o\000t\000a\000c\000i\000o\000n\000\040\000f\000o\000r\000m\000a\000l}{chapter.5}% 44
\BOOKMARK [1][-]{section.5.3}{\376\377\0005\000.\0003\000\040\000V\000a\000r\000i\000a\000b\000l\000e\000s\000\040\000d\000e\000\040\000d\000e\000c\000i\000s\000i\000o\000n}{chapter.5}% 45
\BOOKMARK [1][-]{section.5.4}{\376\377\0005\000.\0004\000\040\000F\000u\000n\000c\000i\000o\000n\000\040\000o\000b\000j\000e\000t\000i\000v\000o\000\040\000m\000u\000l\000t\000i\000c\000r\000i\000t\000e\000r\000i\000o}{chapter.5}% 46
\BOOKMARK [1][-]{section.5.5}{\376\377\0005\000.\0005\000\040\000L\000i\000n\000e\000a\000l\000i\000z\000a\000c\000i\000o\000n\000e\000s\000\040\000e\000x\000a\000c\000t\000a\000s\000\040\000y\000\040\000r\000e\000s\000t\000r\000i\000c\000c\000i\000o\000n\000e\000s}{chapter.5}% 47
\BOOKMARK [1][-]{section.5.6}{\376\377\0005\000.\0006\000\040\000R\000o\000b\000u\000s\000t\000i\000f\000i\000c\000a\000c\000i\000o\000n\000\040\000e\000s\000t\000a\000d\000i\000s\000t\000i\000c\000a}{chapter.5}% 48
\BOOKMARK [1][-]{section.5.7}{\376\377\0005\000.\0007\000\040\000I\000n\000t\000e\000g\000r\000a\000c\000i\000o\000n\000\040\000m\000u\000l\000t\000i\000-\000h\000a\000r\000d\000w\000a\000r\000e}{chapter.5}% 49
\BOOKMARK [1][-]{section.5.8}{\376\377\0005\000.\0008\000\040\000C\000o\000m\000p\000l\000e\000j\000i\000d\000a\000d\000\040\000y\000\040\000t\000r\000a\000z\000a\000b\000i\000l\000i\000d\000a\000d}{chapter.5}% 50
\BOOKMARK [1][-]{section.5.9}{\376\377\0005\000.\0009\000\040\000S\000u\000p\000u\000e\000s\000t\000o\000s\000\040\000d\000e\000\040\000m\000o\000d\000e\000l\000a\000d\000o\000\040\000y\000\040\000f\000r\000o\000n\000t\000e\000r\000a\000\040\000d\000e\000\040\000a\000p\000l\000i\000c\000a\000b\000i\000l\000i\000d\000a\000d}{chapter.5}% 51
\BOOKMARK [1][-]{section.5.10}{\376\377\0005\000.\0001\0000\000\040\000V\000a\000l\000i\000d\000a\000c\000i\000o\000n\000\040\000c\000o\000m\000p\000a\000r\000a\000t\000i\000v\000a\000\040\000c\000o\000n\000t\000r\000a\000\040\000b\000a\000s\000e\000l\000i\000n\000e\000s\000\040\000\050\000h\000a\000b\000i\000l\000i\000t\000a\000d\000a\000\040\000p\000o\000r\000\040\000F\000a\000s\000e\000\040\0001\000\051}{chapter.5}% 52
\BOOKMARK [1][-]{section.5.11}{\376\377\0005\000.\0001\0001\000\040\000E\000s\000t\000u\000d\000i\000o\000s\000\040\000d\000e\000\040\000s\000e\000n\000s\000i\000b\000i\000l\000i\000d\000a\000d\000\040\000\050\000h\000a\000b\000i\000l\000i\000t\000a\000d\000o\000s\000\040\000p\000o\000r\000\040\000F\000a\000s\000e\000\040\0001\000\051}{chapter.5}% 53
\BOOKMARK [1][-]{section.5.12}{\376\377\0005\000.\0001\0002\000\040\000A\000b\000l\000a\000c\000i\000o\000n\000e\000s\000\040\000f\000o\000r\000m\000a\000l\000e\000s\000\040\000\050\000h\000a\000b\000i\000l\000i\000t\000a\000d\000a\000s\000\040\000p\000o\000r\000\040\000F\000a\000s\000e\000\040\0001\000\051}{chapter.5}% 54
\BOOKMARK [1][-]{section.5.13}{\376\377\0005\000.\0001\0003\000\040\000E\000x\000t\000e\000n\000s\000i\000o\000n\000\040\000a\000v\000a\000n\000z\000a\000d\000a\000:\000\040\000p\000e\000r\000s\000i\000s\000t\000e\000n\000c\000i\000a\000\040\000d\000e\000\040\000a\000c\000t\000i\000v\000a\000c\000i\000o\000n\000e\000s\000\040\000y\000\040\000r\000e\000m\000a\000t\000e\000r\000i\000a\000l\000i\000z\000a\000c\000i\000o\000n\000\040\000\050\000F\000a\000s\000e\000\040\0004\000\051}{chapter.5}% 55
\BOOKMARK [1][-]{section.5.14}{\376\377\0005\000.\0001\0004\000\040\000A\000m\000e\000n\000a\000z\000a\000s\000\040\000a\000\040\000l\000a\000\040\000v\000a\000l\000i\000d\000e\000z}{chapter.5}% 56
\BOOKMARK [0][-]{chapter.6}{\376\377\000E\000j\000e\000c\000u\000c\000i\000o\000n\000\040\000H\000i\000b\000r\000i\000d\000a\000,\000\040\000S\000i\000m\000u\000l\000a\000c\000i\000o\000n\000\040\000y\000\040\000V\000a\000l\000i\000d\000a\000c\000i\000o\000n\000\040\000E\000x\000p\000e\000r\000i\000m\000e\000n\000t\000a\000l}{}% 57
\BOOKMARK [1][-]{section.6.1}{\376\377\0006\000.\0001\000\040\000I\000n\000t\000r\000o\000d\000u\000c\000c\000i\000o\000n\000:\000\040\000c\000i\000e\000r\000r\000e\000\040\000d\000e\000l\000\040\000b\000u\000c\000l\000e\000\040\000p\000l\000a\000n\000i\000f\000i\000c\000a\000c\000i\000o\000n\000-\000e\000j\000e\000c\000u\000c\000i\000o\000n}{chapter.6}% 58
\BOOKMARK [1][-]{section.6.2}{\376\377\0006\000.\0002\000\040\000R\000e\000p\000r\000e\000s\000e\000n\000t\000a\000c\000i\000o\000n\000\040\000f\000o\000r\000m\000a\000l\000\040\000d\000e\000l\000\040\000p\000l\000a\000n\000\040\000d\000e\000\040\000e\000j\000e\000c\000u\000c\000i\000o\000n\000\040\000\050\000F\000a\000s\000e\000\040\0002\000\051}{chapter.6}% 59
\BOOKMARK [1][-]{section.6.3}{\376\377\0006\000.\0003\000\040\000S\000i\000m\000u\000l\000a\000d\000o\000r\000\040\000h\000i\000b\000r\000i\000d\000o\000:\000\040\000a\000r\000q\000u\000i\000t\000e\000c\000t\000u\000r\000a\000\040\000y\000\040\000v\000a\000l\000i\000d\000a\000c\000i\000o\000n\000\040\000t\000o\000p\000o\000l\000o\000g\000i\000c\000a\000\040\000\050\000F\000a\000s\000e\000\040\0002\000\051}{chapter.6}% 60
\BOOKMARK [1][-]{section.6.4}{\376\377\0006\000.\0004\000\040\000E\000s\000t\000u\000d\000i\000o\000\040\000d\000e\000\040\000p\000r\000e\000d\000i\000c\000c\000i\000o\000n\000:\000\040\000l\000a\000t\000e\000n\000c\000i\000a\000,\000\040\000m\000e\000m\000o\000r\000i\000a\000\040\000y\000\040\000c\000o\000s\000t\000o\000s\000\040\000d\000e\000\040\000t\000r\000a\000n\000s\000f\000e\000r\000e\000n\000c\000i\000a\000\040\000\050\000F\000a\000s\000e\000\040\0002\000\051}{chapter.6}% 61
\BOOKMARK [1][-]{section.6.5}{\376\377\0006\000.\0005\000\040\000I\000m\000p\000l\000e\000m\000e\000n\000t\000a\000c\000i\000o\000n\000\040\000d\000e\000l\000\040\000e\000j\000e\000c\000u\000t\000o\000r\000\040\000h\000i\000b\000r\000i\000d\000o\000\040\000e\000n\000\040\000P\000y\000T\000o\000r\000c\000h\000\040\000\050\000F\000a\000s\000e\000\040\0003\000\051}{chapter.6}% 62
\BOOKMARK [1][-]{section.6.6}{\376\377\0006\000.\0006\000\040\000B\000a\000s\000e\000l\000i\000n\000e\000s\000\040\000r\000e\000a\000l\000e\000s\000\040\000y\000\040\000c\000o\000m\000p\000a\000r\000a\000t\000i\000v\000o\000s\000\040\000e\000x\000p\000e\000r\000i\000m\000e\000n\000t\000a\000l\000e\000s\000\040\000\050\000F\000a\000s\000e\000\040\0003\000\051}{chapter.6}% 63
\BOOKMARK [1][-]{section.6.7}{\376\377\0006\000.\0007\000\040\000P\000r\000e\000d\000i\000c\000c\000i\000o\000n\000\040\000f\000r\000e\000n\000t\000e\000\040\000a\000\040\000o\000b\000s\000e\000r\000v\000a\000c\000i\000o\000n\000:\000\040\000c\000o\000n\000t\000r\000a\000s\000t\000e\000\040\000o\000p\000e\000r\000a\000c\000i\000o\000n\000a\000l\000\040\000\050\000F\000a\000s\000e\000\040\0003\000\051}{chapter.6}% 64
\BOOKMARK [1][-]{section.6.8}{\376\377\0006\000.\0008\000\040\000E\000x\000a\000c\000t\000i\000t\000u\000d\000\040\000f\000i\000n\000a\000l\000\040\000d\000e\000l\000\040\000m\000o\000d\000e\000l\000o\000\040\000y\000\040\000e\000s\000t\000a\000b\000i\000l\000i\000d\000a\000d\000\040\000d\000e\000\040\000c\000o\000n\000v\000e\000r\000g\000e\000n\000c\000i\000a\000\040\000\050\000F\000a\000s\000e\000\040\0003\000-\0005\000\051}{chapter.6}% 65
\BOOKMARK [1][-]{section.6.9}{\376\377\0006\000.\0009\000\040\000E\000x\000t\000e\000n\000s\000i\000o\000n\000e\000s\000\040\000c\000o\000n\000\040\000p\000e\000r\000s\000i\000s\000t\000e\000n\000c\000i\000a\000\040\000d\000e\000\040\000a\000c\000t\000i\000v\000a\000c\000i\000o\000n\000e\000s\000\040\000y\000\040\000s\000c\000h\000e\000d\000u\000l\000i\000n\000g\000\040\000a\000s\000i\000n\000c\000r\000o\000n\000o\000\040\000\050\000F\000a\000s\000e\000\040\0004\000\051}{chapter.6}% 66
\BOOKMARK [1][-]{section.6.10}{\376\377\0006\000.\0001\0000\000\040\000A\000n\000a\000l\000i\000s\000i\000s\000\040\000i\000n\000t\000e\000g\000r\000a\000d\000o\000\040\000d\000e\000\040\000r\000e\000s\000u\000l\000t\000a\000d\000o\000s\000\040\000y\000\040\000l\000i\000m\000i\000t\000e\000s\000\040\000e\000x\000p\000e\000r\000i\000m\000e\000n\000t\000a\000l\000e\000s\000\040\000\050\000F\000a\000s\000e\000\040\0005\000\051}{chapter.6}% 67
\BOOKMARK [1][-]{section.6.11}{\376\377\0006\000.\0001\0001\000\040\000S\000i\000g\000n\000i\000f\000i\000c\000a\000d\000o\000\040\000m\000e\000t\000o\000d\000o\000l\000o\000g\000i\000c\000o\000\040\000d\000e\000l\000\040\000c\000i\000e\000r\000r\000e\000\040\000p\000r\000e\000d\000i\000c\000t\000i\000v\000o}{chapter.6}% 68
\BOOKMARK [0][-]{chapter.7}{\376\377\000C\000o\000n\000c\000l\000u\000s\000i\000o\000n\000e\000s\000,\000\040\000L\000i\000m\000i\000t\000e\000s\000\040\000y\000\040\000T\000r\000a\000b\000a\000j\000o\000\040\000F\000u\000t\000u\000r\000o}{}% 69
\BOOKMARK [1][-]{section.7.1}{\376\377\0007\000.\0001\000\040\000S\000i\000n\000t\000e\000s\000i\000s\000\040\000d\000e\000\040\000r\000e\000s\000u\000l\000t\000a\000d\000o\000s\000\040\000f\000r\000e\000n\000t\000e\000\040\000a\000\040\000l\000a\000\040\000h\000i\000p\000o\000t\000e\000s\000i\000s}{chapter.7}% 70
\BOOKMARK [1][-]{section.7.2}{\376\377\0007\000.\0002\000\040\000C\000o\000n\000t\000r\000i\000b\000u\000c\000i\000o\000n\000e\000s\000\040\000m\000e\000t\000o\000d\000o\000l\000o\000g\000i\000c\000a\000s\000\040\000y\000\040\000d\000e\000\040\000s\000i\000s\000t\000e\000m\000a\000s}{chapter.7}% 71
\BOOKMARK [1][-]{section.7.3}{\376\377\0007\000.\0003\000\040\000L\000i\000m\000i\000t\000e\000s\000\040\000d\000e\000l\000\040\000m\000o\000d\000e\000l\000o\000\040\000y\000\040\000d\000e\000l\000\040\000p\000r\000o\000t\000o\000c\000o\000l\000o\000\040\000e\000x\000p\000e\000r\000i\000m\000e\000n\000t\000a\000l}{chapter.7}% 72
\BOOKMARK [1][-]{section.7.4}{\376\377\0007\000.\0004\000\040\000L\000i\000n\000e\000a\000s\000\040\000d\000e\000\040\000t\000r\000a\000b\000a\000j\000o\000\040\000f\000u\000t\000u\000r\000o}{chapter.7}% 73
\BOOKMARK [1][-]{section.7.5}{\376\377\0007\000.\0005\000\040\000T\000r\000a\000z\000a\000b\000i\000l\000i\000d\000a\000d\000\040\000f\000i\000n\000a\000l\000\040\000e\000n\000t\000r\000e\000\040\000a\000f\000i\000r\000m\000a\000c\000i\000o\000n\000e\000s\000\040\000y\000\040\000e\000v\000i\000d\000e\000n\000c\000i\000a}{chapter.7}% 74
\BOOKMARK [1][-]{section.7.6}{\376\377\0007\000.\0006\000\040\000V\000a\000l\000o\000r\000\040\000d\000o\000c\000t\000o\000r\000a\000l\000\040\000d\000e\000l\000\040\000t\000r\000a\000b\000a\000j\000o\000\040\000e\000n\000\040\000s\000u\000\040\000e\000s\000t\000a\000d\000o\000\040\000a\000c\000t\000u\000a\000l}{chapter.7}% 75
\BOOKMARK [1][-]{section.7.7}{\376\377\0007\000.\0007\000\040\000C\000i\000e\000r\000r\000e\000\040\000f\000i\000n\000a\000l}{chapter.7}% 76
